app/build/intermediates/manifest_merge_blame_file/debug/manifest-merger-blame-debug-report.txt
1<?xml version="1.0" encoding="utf-8"?>
2<manifest xmlns:android="http://schemas.android.com/apk/res/android"
3    package="com.example.cinema"
4    android:versionCode="1"
5    android:versionName="1.0" >
6
7    <uses-sdk
8        android:minSdkVersion="21"
8-->src\main\AndroidManifest.xml
9        android:targetSdkVersion="30" />
9-->src\main\AndroidManifest.xml
10
11    <uses-permission android:name="android.permission.INTERNET" />
11-->src\main\AndroidManifest.xml:5:5-67
11-->src\main\AndroidManifest.xml:5:22-64
12
13    <application
13-->src\main\AndroidManifest.xml:6:5-23:19
14        android:allowBackup="false"
14-->src\main\AndroidManifest.xml:7:9-36
15        android:appComponentFactory="androidx.core.app.CoreComponentFactory"
15-->[androidx.core:core:1.3.2] AndroidManifest.xml:24:18-86
16        android:debuggable="true"
17        android:icon="@mipmap/ic_launcher"
17-->src\main\AndroidManifest.xml:8:9-43
18        android:label="@string/app_name"
18-->src\main\AndroidManifest.xml:9:9-41
19        android:roundIcon="@mipmap/ic_launcher_round"
19-->src\main\AndroidManifest.xml:10:9-54
20        android:supportsRtl="true"
20-->src\main\AndroidManifest.xml:11:9-35
21        android:testOnly="true"
22        android:theme="@style/Theme.Cinema" >
22-->src\main\AndroidManifest.xml:12:9-44
23        <activity
23-->src\main\AndroidManifest.xml:13:9-22:20
24            android:name="com.example.cinema.framework.MainActivity"
24-->src\main\AndroidManifest.xml:14:13-51
25            android:label="@string/app_name"
25-->src\main\AndroidManifest.xml:15:13-45
26            android:theme="@style/Theme.Cinema.NoActionBar" >
26-->src\main\AndroidManifest.xml:16:13-60
27            <intent-filter>
27-->src\main\AndroidManifest.xml:17:13-21:29
28                <action android:name="android.intent.action.MAIN" />
28-->src\main\AndroidManifest.xml:18:17-69
28-->src\main\AndroidManifest.xml:18:25-66
29
30                <category android:name="android.intent.category.LAUNCHER" />
30-->src\main\AndroidManifest.xml:20:17-77
30-->src\main\AndroidManifest.xml:20:27-74
31            </intent-filter>
32        </activity>
33
34        <provider
34-->[com.squareup.picasso:picasso:2.71828] AndroidManifest.xml:8:9-11:40
35            android:name="com.squareup.picasso.PicassoProvider"
35-->[com.squareup.picasso:picasso:2.71828] AndroidManifest.xml:9:13-64
36            android:authorities="com.example.cinema.com.squareup.picasso"
36-->[com.squareup.picasso:picasso:2.71828] AndroidManifest.xml:10:13-72
37            android:exported="false" />
37-->[com.squareup.picasso:picasso:2.71828] AndroidManifest.xml:11:13-37
38    </application>
39
40</manifest>